make all --print-data-base --no-builtin-variables --no-builtin-rules --question
# GNU Make 3.81
# Copyright (C) 2006  Free Software Foundation, Inc.
# This is free software; see the source for copying conditions.
# There is NO warranty; not even for MERCHANTABILITY or FITNESS FOR A
# PARTICULAR PURPOSE.

# This program built for i386-apple-darwin11.3.0
 

# Make data base, printed on Fri Mar 11 15:55:28 2022

# Variables

# automatic
<D = $(patsubst %/,%,$(dir $<))
# automatic
?F = $(notdir $?)
# environment
VSCODE_LOG_NATIVE = false
# automatic
?D = $(patsubst %/,%,$(dir $?))
# makefile (from `Makefile', line 18)
CPPFLAGS = -isystem $(GTEST_DIR_A)/include
# automatic
@D = $(patsubst %/,%,$(dir $@))
# automatic
@F = $(notdir $@)
# makefile
CURDIR := /Users/shengguozhou/Desktop/cs5008/Shengguozhou_CS5008SPRING2022/lab06
# makefile
SHELL = /bin/sh
# environment
VSCODE_NLS_CONFIG = {"locale":"zh-cn","availableLanguages":{},"_languagePackSupport":true}
# environment
_ = /usr/bin/make
# makefile (from `Makefile', line 1)
MAKEFILE_LIST :=  Makefile
# makefile (from `Makefile', line 21)
CXXFLAGS = -g -Wall -Wextra -pthread
# makefile (from `Makefile', line 10)
GTEST_DOWNLOAD = ${HOME}/src/googletest-release-1.8.0/
# environment
VSCODE_VERBOSE_LOGGING = true
# environment
__CFBundleIdentifier = com.microsoft.VSCode
# makefile (from `Makefile', line 8)
GOOGLE_TEST_INCLUDE = ${HOME}/src/googletest-release-1.8.0/googletest/include/
# environment
VSCODE_IPC_HOOK_EXTHOST = /var/folders/fj/c18jsmbs3ysby1w7zgzcb2l00000gn/T/vscode-ipc-1b74b305-9535-4df7-8621-adaf59e685be.sock
# environment
VSCODE_CWD = /
# environment
PATH = /Library/Frameworks/Python.framework/Versions/3.9/bin:/usr/local/bin:/usr/bin:/bin:/usr/sbin:/sbin:/Library/Apple/usr/bin
# environment
VSCODE_LOG_STACK = false
# environment
ELECTRON_RUN_AS_NODE = 1
# default
.FEATURES := target-specific order-only second-expansion else-if archives jobserver check-symlink
# environment
SSH_AUTH_SOCK = /private/tmp/com.apple.launchd.Zjv72Q5GPQ/Listeners
# makefile (from `Makefile', line 13)
USER_DIR = .
# automatic
%F = $(notdir $%)
# environment
VSCODE_PIPE_LOGGING = true
# environment
PWD = /Users/shengguozhou/Desktop/cs5008/Shengguozhou_CS5008SPRING2022/lab06
# environment
ORIGINAL_XDG_CURRENT_DESKTOP = undefined
# environment
VSCODE_AMD_ENTRYPOINT = vs/workbench/services/extensions/node/extensionHostProcess
# environment
HOME = /Users/shengguozhou
# default
MAKEFILEPATH = $(shell /usr/bin/xcode-select -print-path 2>/dev/null || echo /Developer)/Makefiles
# environment
VSCODE_CODE_CACHE_PATH = /Users/shengguozhou/Library/Application Support/Code/CachedData/83bd43bc519d15e50c4272c6cf5c1479df196a4d
# environment
LOGNAME = shengguozhou
# environment
APPLICATION_INSIGHTS_NO_DIAGNOSTIC_CHANNEL = true
# environment
VSCODE_HANDLES_UNCAUGHT_ERRORS = true
# automatic
^D = $(patsubst %/,%,$(dir $^))
# makefile (from `Makefile', line 7)
GOOGLE_TEST_LIB = ${HOME}/lib/gtest/libgtest.a
# environment
XPC_FLAGS = 0x0
# default
MAKE = $(MAKE_COMMAND)
 
# default
MAKECMDGOALS := all
# environment
SHLVL = 1
# makefile (from `Makefile', line 6)
GTEST_DIR_A = ${HOME}/src/googletest-release-1.8.0/googletest
# default
MAKE_VERSION := 3.81
# environment
USER = shengguozhou
# makefile
.DEFAULT_GOAL := all
# automatic
%D = $(patsubst %/,%,$(dir $%))
# default
MAKE_COMMAND := /Library/Developer/CommandLineTools/usr/bin/make
# default
.VARIABLES := 
# environment
TMPDIR = /var/folders/fj/c18jsmbs3ysby1w7zgzcb2l00000gn/T/
# automatic
*F = $(notdir $*)
# environment
VSCODE_IPC_HOOK = /Users/shengguozhou/Library/Application Support/Code/1.60.1-main.sock
# makefile
MAKEFLAGS = Rrqp
# environment
MFLAGS = -Rrqp
# automatic
*D = $(patsubst %/,%,$(dir $*))
# environment
XPC_SERVICE_NAME = application.com.microsoft.VSCode.265199.265205
# automatic
+D = $(patsubst %/,%,$(dir $+))
# automatic
+F = $(notdir $+)
# environment
__CF_USER_TEXT_ENCODING = 0x1F5:0x19:0x34
# environment
COMMAND_MODE = unix2003
# default
MAKEFILES := 
# automatic
<F = $(notdir $<)
# makefile (from `Makefile', line 25)
GTEST_HEADERS = $(GTEST_DIR_A)/include/gtest/*.h $(GTEST_DIR_A)/include/gtest/internal/*.h
# environment
LC_ALL = C
# automatic
^F = $(notdir $^)
# makefile (from `Makefile', line 32)
GTEST_SRCS_ = $(GTEST_DIR_A)/src/*.cc $(GTEST_DIR_A)/src/*.h $(GTEST_HEADERS)
# default
SUFFIXES := 
# default
.INCLUDE_DIRS = /usr/local/include
# environment
MAKELEVEL := 0
# environment
LANG = C
# environment
VSCODE_PID = 1127
# variable set hash-table stats:
# Load=71/1024=7%, Rehash=0, Collisions=1/112=1%

# Pattern-specific Variable Values

# No pattern-specific variable values.

# Directories

# . (device 16777233, inode 12627870): 17 files, no impossibilities.

# 17 files, no impossibilities in 1 directories.

# Implicit Rules

# No implicit rules.

# Files

all: test_suite
#  Command-line target.
#  Implicit rule search has been done.
#  File does not exist.
#  File has been updated.
#  Needs to be updated (-q is set).
# variable set hash-table stats:
# Load=0/32=0%, Rehash=0, Collisions=0/6=0%

.PHONY: clean
#  Implicit rule search has not been done.
#  Modification time never checked.
#  File has not been updated.

# Not a target:
.SUFFIXES:
#  Implicit rule search has not been done.
#  Modification time never checked.
#  File has not been updated.

example1.o: example1.c example1.h
#  Implicit rule search has not been done.
#  Modification time never checked.
#  File has not been updated.
#  commands to execute (from `Makefile', line 85):
	@echo -e "\033[1;93m============================================"
	@echo Building example1.o for testing...
	@echo -e "============================================\033[0m"
	gcc -c -Wall -g example1.c -o example1.o
	

# Not a target:
Makefile:
#  Implicit rule search has been done.
#  Last modified 2022-03-11 15:54:40
#  File has been updated.
#  Successfully updated.
# variable set hash-table stats:
# Load=0/32=0%, Rehash=0, Collisions=0/0=0%

release-1.8.0.tar.gz:
#  Implicit rule search has not been done.
#  Last modified 2022-03-11 15:54:40
#  File has been updated.
#  Successfully updated.
#  commands to execute (from `Makefile', line 40):
	@echo -e "\033[1;93m ----------------"
	@echo NEED GTEST ZIP
	@echo -e "----------------\033[0m"
	

# Not a target:
/src/gtest_main.cc:
#  Implicit rule search has not been done.
#  Modification time never checked.
#  File has not been updated.

test_suite: /Users/shengguozhou/lib/gtest/libgtest.a test_example1.o example1.o Assert007.o
#  Implicit rule search has not been done.
#  Last modified 2022-03-11 15:54:40
#  File has been updated.
#  Needs to be updated (-q is set).
# variable set hash-table stats:
# Load=0/32=0%, Rehash=0, Collisions=0/6=0%
#  commands to execute (from `Makefile', line 75):
	@echo -e "\033[1;93m==========================="
	@echo Building the test suite
	@echo -e "===========================\033[0m"
	g++ -o test_suite test_example1.o example1.o Assert007.o \
	-L${HOME}/lib/gtest -lgtest -lpthread
	@echo -e "\033[38;5;198m===================================="
	@echo Run tests by running ./test_suite
	@echo -e "====================================\033[0m"
	

Assert007.o: Assert007.c Assert007.h
#  Implicit rule search has not been done.
#  Modification time never checked.
#  File has not been updated.
#  commands to execute (from `Makefile', line 98):
	@echo -e "\033[1;93m======================================="
	@echo Building Assert007.o...
	@echo -e "====================================\033[0m"
	gcc -c -Wall -g Assert007.c -o Assert007.o
	

test_example1.o: test_example1.cc
#  Implicit rule search has not been done.
#  Modification time never checked.
#  File has not been updated.
#  commands to execute (from `Makefile', line 91):
	@echo -e "\033[1;93m======================================="
	@echo Building test_example1.o for testing...
	@echo -e "=====================================\033[0m"
	g++ -c -Wall -I $(GOOGLE_TEST_INCLUDE) test_example1.cc \
	-o test_example1.o
	

lib: example1.h example1.c Assert007.c Assert007.h
#  Implicit rule search has not been done.
#  Modification time never checked.
#  File has not been updated.
#  commands to execute (from `Makefile', line 67):
	@echo -e "\033[1;93m==========================="
	@echo Building Example
	@echo -e "===========================\033[0m"
	echo Compiling the Example implementation
	gcc -g example1.c Assert007.c
	

# Not a target:
test_example1.cc:
#  Implicit rule search has not been done.
#  Modification time never checked.
#  File has not been updated.

# Not a target:
.DEFAULT:
#  Implicit rule search has not been done.
#  Modification time never checked.
#  File has not been updated.

# Not a target:
example1.c:
#  Implicit rule search has not been done.
#  Modification time never checked.
#  File has not been updated.

gtest_main.o: /src/gtest_main.cc
#  Implicit rule search has not been done.
#  Modification time never checked.
#  File has not been updated.
#  commands to execute (from `Makefile', line 53):
	$(CXX) $(CPPFLAGS) -I$(GTEST_DIR) $(CXXFLAGS) -c \
	$(GTEST_DIR)/src/gtest_main.cc
 
	

clean:
#  Phony target (prerequisite of .PHONY).
#  Implicit rule search has not been done.
#  File does not exist.
#  File has not been updated.
#  commands to execute (from `Makefile', line 107):
	rm -f test_suite *.o
	

/Users/shengguozhou/src/googletest-release-1.8.0/googletest/src/gtest-all.cc: release-1.8.0.tar.gz
#  Implicit rule search has not been done.
#  Implicit/static pattern stem: `'
#  Last modified 2022-03-11 15:46:43
#  File has been updated.
#  Needs to be updated (-q is set).
# automatic
# @ := /Users/shengguozhou/src/googletest-release-1.8.0/googletest/src/gtest-all.cc
# automatic
# % := 
# automatic
# * := 
# automatic
# + := release-1.8.0.tar.gz
# automatic
# | := 
# automatic
# < := release-1.8.0.tar.gz
# automatic
# ^ := release-1.8.0.tar.gz
# automatic
# ? := release-1.8.0.tar.gz
# variable set hash-table stats:
# Load=8/32=25%, Rehash=0, Collisions=9/14=64%
#  commands to execute (from `Makefile', line 45):
	@echo -e "\033[1;93m==========================="
	@echo Extracting gtest source
	@echo -e "===========================\033[0m"
	mkdir -p ${HOME}/src
	cp release-1.8.0.tar.gz ${HOME}/src/
	tar -xzmf ${HOME}/src/release-1.8.0.tar.gz -C ${HOME}/src/
	

# Not a target:
example1.h:
#  Implicit rule search has not been done.
#  Modification time never checked.
#  File has not been updated.

# Not a target:
Assert007.c:
#  Implicit rule search has not been done.
#  Modification time never checked.
#  File has not been updated.

# Not a target:
Assert007.h:
#  Implicit rule search has not been done.
#  Modification time never checked.
#  File has not been updated.

/Users/shengguozhou/lib/gtest/libgtest.a: /Users/shengguozhou/src/googletest-release-1.8.0/googletest/src/gtest-all.cc
#  Implicit rule search has not been done.
#  Last modified 2022-03-11 15:46:44
#  File has been updated.
#  Needs to be updated (-q is set).
# variable set hash-table stats:
# Load=0/32=0%, Rehash=0, Collisions=0/6=0%
#  commands to execute (from `Makefile', line 57):
	@echo -e "\033[1;93m==========================="
	@echo Building the GTest library
	@echo -e "===========================\033[0m"
	g++ -isystem ${GTEST_DIR_A}/include -I${GTEST_DIR_A} \
	-pthread -c ${GTEST_DIR_A}/src/gtest-all.cc
	ar -rv libgtest.a gtest-all.o
	mkdir -p ~/lib/gtest/
	mv libgtest.a ~/lib/gtest/
	

# files hash-table stats:
# Load=21/1024=2%, Rehash=0, Collisions=0/53=0%
# VPATH Search Paths

# No `vpath' search paths.

# No general (`VPATH' variable) search path.

# # of strings in strcache: 1
# # of strcache buffers: 1
# strcache size: total = 4096 / max = 4096 / min = 4096 / avg = 4096
# strcache free: total = 4087 / max = 4087 / min = 4087 / avg = 4087

# Finished Make data base on Fri Mar 11 15:55:28 2022

 
